11:21:25.539 [      Main] [ INFO] | ------------------------------------------- 
11:21:25.543 [      Main] [ INFO] |    Player Name: POTATO666 
11:21:25.545 [      Main] [ INFO] | Server Address: MC.52KO.COM 
11:21:25.545 [      Main] [ INFO] |    Server Port: 25565 
11:21:25.545 [      Main] [ INFO] |        Version: 316 
11:21:25.545 [      Main] [ INFO] | ------------------------------------------- 
11:21:25.740 [ POTATO666] [ INFO] | litemc starting... 
11:21:26.629 [ POTATO666] [ INFO] | connecting server... 
11:21:27.821 [ POTATO666] [ INFO] | connect server success. 
11:21:27.845 [ POTATO666] [ INFO] | handshaking... 
11:21:27.846 [ POTATO666] [ INFO] | logining... 
11:21:27.854 [ POTATO666] [ INFO] | ClientEventEncoder 
11:21:27.944 [ POTATO666] [ INFO] | litemc stoped... 
11:21:27.960 [ POTATO666] [ INFO] | disconnect: Channel Inactive. 
11:21:48.395 [      Main] [ INFO] | ------------------------------------------- 
11:21:48.400 [      Main] [ INFO] |    Player Name: POTATO666 
11:21:48.402 [      Main] [ INFO] | Server Address: MC.52KO.COM 
11:21:48.403 [      Main] [ INFO] |    Server Port: 25565 
11:21:48.403 [      Main] [ INFO] |        Version: 316 
11:21:48.403 [      Main] [ INFO] | ------------------------------------------- 
11:21:48.607 [ POTATO666] [ INFO] | litemc starting... 
11:21:49.486 [ POTATO666] [ INFO] | connecting server... 
11:21:49.784 [ POTATO666] [ INFO] | connect server success. 
11:21:49.809 [ POTATO666] [ INFO] | handshaking... 
11:21:49.810 [ POTATO666] [ INFO] | logining... 
11:21:49.823 [ POTATO666] [ INFO] | ClientEventEncoder 
11:21:49.920 [ POTATO666] [ INFO] | disconnect: Channel Inactive. 
11:21:49.957 [ POTATO666] [ INFO] | litemc stoped... 
11:24:18.571 [      Main] [ INFO] | ------------------------------------------- 
11:24:18.575 [      Main] [ INFO] |    Player Name: POTATO666 
11:24:18.577 [      Main] [ INFO] | Server Address: MC.52KO.COM 
11:24:18.577 [      Main] [ INFO] |    Server Port: 25565 
11:24:18.577 [      Main] [ INFO] |        Version: 316 
11:24:18.577 [      Main] [ INFO] | ------------------------------------------- 
11:24:18.765 [ POTATO666] [ INFO] | litemc starting... 
11:24:19.677 [ POTATO666] [ INFO] | connecting server... 
11:24:19.957 [ POTATO666] [ INFO] | connect server success. 
11:24:19.981 [ POTATO666] [ INFO] | handshaking... 
11:24:19.982 [ POTATO666] [ INFO] | logining... 
11:24:19.989 [ POTATO666] [ INFO] | ClientEventEncoder 
11:24:20.140 [ POTATO666] [ INFO] | disconnect: Channel Inactive. 
11:24:20.171 [ POTATO666] [ INFO] | litemc stoped... 
11:26:54.919 [      Main] [ INFO] | ------------------------------------------- 
11:26:54.923 [      Main] [ INFO] |    Player Name: POTATO666 
11:26:54.925 [      Main] [ INFO] | Server Address: MC.52KO.COM 
11:26:54.925 [      Main] [ INFO] |    Server Port: 25565 
11:26:54.925 [      Main] [ INFO] |        Version: 316 
11:26:54.925 [      Main] [ INFO] | ------------------------------------------- 
11:26:55.137 [ POTATO666] [ INFO] | litemc starting... 
11:26:56.039 [ POTATO666] [ INFO] | connecting server... 
11:26:56.360 [ POTATO666] [ INFO] | connect server success. 
11:26:56.399 [ POTATO666] [ INFO] | handshaking... 
11:26:56.400 [ POTATO666] [ INFO] | logining... 
11:27:34.447 [      Main] [ INFO] | ------------------------------------------- 
11:27:34.451 [      Main] [ INFO] |    Player Name: POTATO666 
11:27:34.453 [      Main] [ INFO] | Server Address: MC.52KO.COM 
11:27:34.453 [      Main] [ INFO] |    Server Port: 25565 
11:27:34.453 [      Main] [ INFO] |        Version: 316 
11:27:34.453 [      Main] [ INFO] | ------------------------------------------- 
11:27:34.647 [ POTATO666] [ INFO] | litemc starting... 
11:27:35.520 [ POTATO666] [ INFO] | connecting server... 
11:27:35.806 [ POTATO666] [ INFO] | connect server success. 
11:27:35.826 [ POTATO666] [ INFO] | handshaking... 
11:27:35.827 [ POTATO666] [ INFO] | logining... 
11:30:07.906 [      Main] [ INFO] | ------------------------------------------- 
11:30:07.906 [      Main] [ INFO] |    Player Name: POTATO666 
11:30:07.906 [      Main] [ INFO] | Server Address: MC.52KO.COM 
11:30:07.906 [      Main] [ INFO] |    Server Port: 25565 
11:30:07.906 [      Main] [ INFO] |        Version: 316 
11:30:07.906 [      Main] [ INFO] | ------------------------------------------- 
11:30:08.101 [ POTATO666] [ INFO] | litemc starting... 
11:30:08.945 [ POTATO666] [ INFO] | connecting server... 
11:30:09.282 [ POTATO666] [ INFO] | connect server success. 
11:30:09.313 [ POTATO666] [ INFO] | handshaking... 
11:30:09.313 [ POTATO666] [ INFO] | logining... 
11:30:09.337 [ POTATO666] [ INFO] | ClientEventEncoder 
11:30:09.424 [ POTATO666] [ INFO] | ClientEventEncoder 
11:30:09.451 [ POTATO666] [ INFO] | disconnect: Channel Inactive. 
11:30:09.461 [ POTATO666] [ INFO] | litemc stoped... 
11:30:54.166 [      Main] [ INFO] | ------------------------------------------- 
11:30:54.166 [      Main] [ INFO] |    Player Name: POTATO666 
11:30:54.166 [      Main] [ INFO] | Server Address: MC.52KO.COM 
11:30:54.166 [      Main] [ INFO] |    Server Port: 25565 
11:30:54.166 [      Main] [ INFO] |        Version: 316 
11:30:54.166 [      Main] [ INFO] | ------------------------------------------- 
11:30:54.369 [ POTATO666] [ INFO] | litemc starting... 
11:30:55.268 [ POTATO666] [ INFO] | connecting server... 
11:30:55.550 [ POTATO666] [ INFO] | connect server success. 
11:30:55.566 [ POTATO666] [ INFO] | handshaking... 
11:30:55.566 [ POTATO666] [ INFO] | logining... 
11:31:28.605 [ POTATO666] [ INFO] | disconnect: Channel Inactive. 
11:31:28.609 [ POTATO666] [ INFO] | litemc stoped... 
