20:55:08.255 [      Main] [ INFO] | ------------------------------------------- 
20:55:08.271 [      Main] [ INFO] |    Player Name: qiuF 
20:55:08.409 [      Main] [ INFO] | Server Address: MC.52KO.COM 
20:55:08.409 [      Main] [ INFO] |    Server Port: 25565 
20:55:08.410 [      Main] [ INFO] |        Version: 316 
20:55:08.410 [      Main] [ INFO] | ------------------------------------------- 
20:55:10.247 [      qiuF] [ INFO] | litemc starting... 
20:55:16.076 [      qiuF] [ INFO] | connecting server... 
20:55:19.713 [      qiuF] [ INFO] | connect server success. 
20:55:20.353 [      qiuF] [ INFO] | handshaking... 
20:55:20.373 [      qiuF] [ INFO] | logining... 
20:55:20.440 [      qiuF] [ INFO] | ClientEventEncoder 
20:55:21.206 [      qiuF] [ INFO] | ClientEventEncoder 
20:55:21.795 [      qiuF] [ INFO] | set compression 128. 
20:55:21.797 [      qiuF] [ INFO] | login success! 
20:55:22.591 [      qiuF] [ INFO] | §c请使用/login登录已经注册过的帐号或者使用/reg注册！ 
20:55:22.594 [      qiuF] [ INFO] | player join game. 
20:55:23.040 [      qiuF] [ INFO] | ClientEventEncoder 
20:55:23.041 [      qiuF] [ INFO] | reset pl -2.7, 72.0, 21.685, -0.15, 0.3, true 
20:55:23.048 [      qiuF] [ INFO] | set window items 0 
20:55:23.054 [      qiuF] [ INFO] | ClientEventEncoder 
20:55:23.055 [      qiuF] [ INFO] | reset pl -0.368, 72.0625, 21.042, 0.0, 0.0, false 
20:55:23.060 [      qiuF] [ INFO] | §A§n§t§i§M§i§n§i§m§a§p 
20:55:23.061 [      qiuF] [ INFO] | §3 §6 §3 §6 §3 §6 §e 
20:55:23.063 [      qiuF] [ INFO] | §0§0§1§2§3§5§e§f 
20:55:23.064 [      qiuF] [ INFO] | §0§0§c§d§e§f 
20:55:23.067 [      qiuF] [ INFO] |  
20:55:23.068 [      qiuF] [ INFO] |  
20:55:23.069 [      qiuF] [ INFO] |  
20:55:23.070 [      qiuF] [ INFO] |  
20:55:23.072 [      qiuF] [ INFO] |  
20:55:23.073 [      qiuF] [ INFO] |  
20:55:23.074 [      qiuF] [ INFO] |  
20:55:23.076 [      qiuF] [ INFO] |  
20:55:23.077 [      qiuF] [ INFO] |  
20:55:23.078 [      qiuF] [ INFO] |  
20:55:23.081 [      qiuF] [ INFO] |  
20:55:23.083 [      qiuF] [ INFO] |  
20:55:23.085 [      qiuF] [ INFO] |  
20:55:23.086 [      qiuF] [ INFO] |  
20:55:23.087 [      qiuF] [ INFO] |  
20:55:23.088 [      qiuF] [ INFO] |  
20:55:23.090 [      qiuF] [ INFO] |  
20:55:23.091 [      qiuF] [ INFO] |  
20:55:23.093 [      qiuF] [ INFO] | [注意]请登录帐号，输入/L 密码，如/L 123456，来登录你的帐号！ 
20:55:23.094 [      qiuF] [ INFO] | ClientEventEncoder 
20:55:23.096 [      qiuF] [ INFO] | [注意]如果您从未注册，说明该ID已有人使用，请更换游戏ID 
20:55:23.098 [      qiuF] [ INFO] | [提示]如果您进入生存服任何大区直接弹回登录服，等待3~5分钟即可！ 
20:55:23.112 [      qiuF] [ INFO] | ClientEventEncoder 
20:55:23.117 [      qiuF] [ INFO] | ClientEventEncoder 
20:55:23.165 [      qiuF] [ INFO] | [系统提示]您已成功登录，开始属于你的冒险吧！ 
20:55:23.167 [      qiuF] [ INFO] | ClientEventEncoder 
20:55:23.176 [      qiuF] [ INFO] | [东方大陆]请按T键在聊天窗口输入.help完成验证，不需要加/，直接输入即可！ 
20:55:23.176 [      qiuF] [ INFO] | ClientEventEncoder 
20:55:23.213 [      qiuF] [ INFO] | [东方大陆]你已经成功通过验证！ 
20:55:23.216 [      qiuF] [ INFO] | ClientEventEncoder 
20:55:23.217 [      qiuF] [ INFO] | ClientEventEncoder 
20:55:23.266 [      qiuF] [ INFO] | window opened, 1, minecraft:container, 45 
20:55:23.331 [      qiuF] [ INFO] | set window items 1 
20:55:23.332 [      qiuF] [ INFO] | ClientEventEncoder 
20:55:23.333 [      qiuF] [ INFO] | ClientEventEncoder 
20:55:23.356 [      qiuF] [ INFO] | >>>>>>>> click window delay..... 
20:55:23.357 [      qiuF] [ INFO] | ClientEventEncoder 
20:55:23.365 [      qiuF] [ INFO] | ClientEventEncoder 
20:55:23.415 [      qiuF] [ INFO] | ClientEventEncoder 
20:55:23.464 [      qiuF] [ INFO] | ClientEventEncoder 
20:55:23.513 [      qiuF] [ INFO] | ClientEventEncoder 
20:55:23.563 [      qiuF] [ INFO] | ClientEventEncoder 
20:55:23.612 [      qiuF] [ INFO] | ClientEventEncoder 
20:55:23.662 [      qiuF] [ INFO] | ClientEventEncoder 
20:55:23.710 [      qiuF] [ INFO] | ClientEventEncoder 
20:55:23.759 [      qiuF] [ INFO] | ClientEventEncoder 
20:55:23.808 [      qiuF] [ INFO] | ClientEventEncoder 
20:55:23.857 [      qiuF] [ INFO] | ClientEventEncoder 
20:55:23.906 [      qiuF] [ INFO] | ClientEventEncoder 
20:55:23.955 [      qiuF] [ INFO] | ClientEventEncoder 
20:55:24.004 [      qiuF] [ INFO] | ClientEventEncoder 
20:55:24.054 [      qiuF] [ INFO] | ClientEventEncoder 
20:55:24.103 [      qiuF] [ INFO] | ClientEventEncoder 
20:55:24.152 [      qiuF] [ INFO] | ClientEventEncoder 
20:55:24.201 [      qiuF] [ INFO] | ClientEventEncoder 
20:55:24.250 [      qiuF] [ INFO] | ClientEventEncoder 
20:55:24.299 [      qiuF] [ INFO] | ClientEventEncoder 
20:55:24.348 [      qiuF] [ INFO] | ClientEventEncoder 
20:55:24.397 [      qiuF] [ INFO] | ClientEventEncoder 
20:55:24.446 [      qiuF] [ INFO] | ClientEventEncoder 
20:55:24.495 [      qiuF] [ INFO] | ClientEventEncoder 
20:55:24.545 [      qiuF] [ INFO] | ClientEventEncoder 
20:55:24.594 [      qiuF] [ INFO] | ClientEventEncoder 
20:55:24.643 [      qiuF] [ INFO] | ClientEventEncoder 
20:55:24.693 [      qiuF] [ INFO] | ClientEventEncoder 
20:55:24.743 [      qiuF] [ INFO] | ClientEventEncoder 
20:55:24.792 [      qiuF] [ INFO] | ClientEventEncoder 
20:55:24.841 [      qiuF] [ INFO] | ClientEventEncoder 
20:55:24.890 [      qiuF] [ INFO] | ClientEventEncoder 
20:55:24.939 [      qiuF] [ INFO] | ClientEventEncoder 
20:55:24.989 [      qiuF] [ INFO] | ClientEventEncoder 
20:55:25.040 [      qiuF] [ INFO] | ClientEventEncoder 
20:55:25.091 [      qiuF] [ INFO] | ClientEventEncoder 
20:55:25.141 [      qiuF] [ INFO] | ClientEventEncoder 
20:55:25.191 [      qiuF] [ INFO] | ClientEventEncoder 
20:55:25.240 [      qiuF] [ INFO] | ClientEventEncoder 
20:55:25.289 [      qiuF] [ INFO] | ClientEventEncoder 
20:55:25.338 [      qiuF] [ INFO] | ClientEventEncoder 
20:55:25.364 [      qiuF] [ INFO] | >>>>>>>> clicking window..... 
20:55:25.368 [      qiuF] [ INFO] | ClientEventEncoder 
20:55:25.369 [      qiuF] [ INFO] | ClientEventEncoder 
20:55:25.388 [      qiuF] [ INFO] | ClientEventEncoder 
20:55:25.437 [      qiuF] [ INFO] | ClientEventEncoder 
20:55:25.464 [      qiuF] [ INFO] | window closed, 1 
20:55:25.466 [      qiuF] [ INFO] | You have been warped to sky 
20:55:25.486 [      qiuF] [ INFO] | ClientEventEncoder 
20:55:25.535 [      qiuF] [ INFO] | ClientEventEncoder 
20:55:25.588 [      qiuF] [ INFO] | ClientEventEncoder 
20:55:25.664 [      qiuF] [ INFO] | ClientEventEncoder 
20:55:25.710 [      qiuF] [ INFO] | ClientEventEncoder 
20:55:25.759 [      qiuF] [ INFO] | ClientEventEncoder 
20:55:25.809 [      qiuF] [ INFO] | ClientEventEncoder 
20:55:25.858 [      qiuF] [ INFO] | ClientEventEncoder 
20:55:25.907 [      qiuF] [ INFO] | ClientEventEncoder 
20:55:25.957 [      qiuF] [ INFO] | ClientEventEncoder 
20:55:26.006 [      qiuF] [ INFO] | ClientEventEncoder 
20:55:26.055 [      qiuF] [ INFO] | ClientEventEncoder 
20:55:26.104 [      qiuF] [ INFO] | ClientEventEncoder 
20:55:26.153 [      qiuF] [ INFO] | ClientEventEncoder 
20:55:26.202 [      qiuF] [ INFO] | ClientEventEncoder 
20:55:26.251 [      qiuF] [ INFO] | ClientEventEncoder 
20:55:26.300 [      qiuF] [ INFO] | ClientEventEncoder 
20:55:26.349 [      qiuF] [ INFO] | ClientEventEncoder 
20:55:26.398 [      qiuF] [ INFO] | ClientEventEncoder 
20:55:26.448 [      qiuF] [ INFO] | ClientEventEncoder 
20:55:26.496 [      qiuF] [ INFO] | ** 你离开了属于 JLGC的 空岛！ 
20:55:26.498 [      qiuF] [ INFO] | ** 你离开了属于 JLGC的 空岛！ 
20:55:26.500 [      qiuF] [ INFO] | ClientEventEncoder 
20:55:26.501 [      qiuF] [ INFO] | reset pl -248.5, 73.0, -875.5, -91.1999, -0.299999, true 
20:55:26.506 [      qiuF] [ INFO] | set window items 0 
20:55:26.520 [      qiuF] [ INFO] |                                       
20:55:26.521 [      qiuF] [ INFO] | ClientEventEncoder 
20:55:26.522 [      qiuF] [ INFO] | reset pl -248.5, 73.0, -875.5, -89.0, 0.0, true 
20:55:26.548 [      qiuF] [ INFO] | ClientEventEncoder 
20:55:26.597 [      qiuF] [ INFO] | ClientEventEncoder 
20:55:26.646 [      qiuF] [ INFO] | ClientEventEncoder 
20:55:26.695 [      qiuF] [ INFO] | ClientEventEncoder 
20:55:26.744 [      qiuF] [ INFO] | ClientEventEncoder 
20:55:26.793 [      qiuF] [ INFO] | ClientEventEncoder 
20:55:26.842 [      qiuF] [ INFO] | ClientEventEncoder 
20:55:26.891 [      qiuF] [ INFO] | ClientEventEncoder 
20:55:26.940 [      qiuF] [ INFO] | ClientEventEncoder 
20:55:26.991 [      qiuF] [ INFO] | ClientEventEncoder 
20:55:27.041 [      qiuF] [ INFO] | ClientEventEncoder 
20:55:27.090 [      qiuF] [ INFO] | ClientEventEncoder 
20:55:27.140 [      qiuF] [ INFO] | ClientEventEncoder 
20:55:27.189 [      qiuF] [ INFO] | ClientEventEncoder 
20:55:27.238 [      qiuF] [ INFO] | ClientEventEncoder 
20:55:27.287 [      qiuF] [ INFO] | ClientEventEncoder 
20:55:27.336 [      qiuF] [ INFO] | ClientEventEncoder 
20:55:27.385 [      qiuF] [ INFO] | ClientEventEncoder 
20:55:27.435 [      qiuF] [ INFO] | ClientEventEncoder 
20:55:27.484 [      qiuF] [ INFO] | ClientEventEncoder 
20:55:27.534 [      qiuF] [ INFO] | ClientEventEncoder 
20:55:27.585 [      qiuF] [ INFO] | ClientEventEncoder 
20:55:27.634 [      qiuF] [ INFO] | ClientEventEncoder 
20:55:27.684 [      qiuF] [ INFO] | ClientEventEncoder 
20:55:27.734 [      qiuF] [ INFO] | ClientEventEncoder 
20:55:27.784 [      qiuF] [ INFO] | ClientEventEncoder 
20:55:27.834 [      qiuF] [ INFO] | ClientEventEncoder 
20:55:27.883 [      qiuF] [ INFO] | ClientEventEncoder 
20:55:27.927 [      qiuF] [ INFO] | ClientEventEncoder 
20:55:27.932 [      qiuF] [ INFO] | ClientEventEncoder 
20:55:27.981 [      qiuF] [ INFO] | ClientEventEncoder 
20:55:28.030 [      qiuF] [ INFO] | ClientEventEncoder 
20:55:28.080 [      qiuF] [ INFO] | ClientEventEncoder 
20:55:28.129 [      qiuF] [ INFO] | ClientEventEncoder 
20:55:28.178 [      qiuF] [ INFO] | ClientEventEncoder 
20:55:28.231 [      qiuF] [ INFO] | ClientEventEncoder 
20:55:28.234 [      qiuF] [ INFO] | ClientEventEncoder 
20:55:28.235 [      qiuF] [ INFO] | reset pl -248.5, 73.0, -875.5, -89.0, 0.0, true 
20:55:28.237 [      qiuF] [ INFO] | set window items 0 
20:55:28.246 [      qiuF] [ INFO] | 玩家 [勇者]qiuF 穿越到了东方大陆，欢迎你回来！ 
20:55:28.247 [      qiuF] [ INFO] | >>>>>>>> issuing command '/is home'..... 
20:55:28.248 [      qiuF] [ INFO] | ClientEventEncoder 
20:55:28.281 [      qiuF] [ INFO] | ClientEventEncoder 
20:55:28.328 [      qiuF] [ INFO] | ClientEventEncoder 
20:55:28.377 [      qiuF] [ INFO] | ClientEventEncoder 
20:55:28.425 [      qiuF] [ INFO] | ClientEventEncoder 
20:55:28.474 [      qiuF] [ INFO] | ClientEventEncoder 
20:55:28.523 [      qiuF] [ INFO] | ClientEventEncoder 
20:55:28.573 [      qiuF] [ INFO] | ClientEventEncoder 
20:55:28.624 [      qiuF] [ INFO] | ClientEventEncoder 
20:55:28.673 [      qiuF] [ INFO] | ClientEventEncoder 
20:55:28.722 [      qiuF] [ INFO] | ClientEventEncoder 
20:55:28.771 [      qiuF] [ INFO] | ClientEventEncoder 
20:55:28.820 [      qiuF] [ INFO] | ClientEventEncoder 
20:55:28.869 [      qiuF] [ INFO] | ClientEventEncoder 
20:55:28.918 [      qiuF] [ INFO] | ClientEventEncoder 
20:55:28.967 [      qiuF] [ INFO] | ClientEventEncoder 
20:55:29.017 [      qiuF] [ INFO] | ClientEventEncoder 
20:55:29.065 [      qiuF] [ INFO] | ClientEventEncoder 
20:55:29.114 [      qiuF] [ INFO] | ClientEventEncoder 
20:55:29.182 [      qiuF] [ INFO] | ClientEventEncoder 
20:55:29.248 [      qiuF] [ INFO] | ClientEventEncoder 
20:55:29.298 [      qiuF] [ INFO] | ClientEventEncoder 
20:55:29.346 [      qiuF] [ INFO] | ClientEventEncoder 
20:55:29.395 [      qiuF] [ INFO] | ClientEventEncoder 
20:55:29.447 [      qiuF] [ INFO] | ClientEventEncoder 
20:55:29.496 [      qiuF] [ INFO] | ClientEventEncoder 
20:55:29.546 [      qiuF] [ INFO] | ClientEventEncoder 
20:55:29.595 [      qiuF] [ INFO] | ClientEventEncoder 
20:55:29.644 [      qiuF] [ INFO] | ClientEventEncoder 
20:55:29.693 [      qiuF] [ INFO] | ClientEventEncoder 
20:55:29.742 [      qiuF] [ INFO] | ClientEventEncoder 
20:55:29.791 [      qiuF] [ INFO] | ClientEventEncoder 
20:55:29.840 [      qiuF] [ INFO] | ClientEventEncoder 
20:55:29.890 [      qiuF] [ INFO] | ClientEventEncoder 
20:55:29.939 [      qiuF] [ INFO] | ClientEventEncoder 
20:55:29.978 [      qiuF] [ INFO] | ** 你进入了属于 JLGC的 空岛！ 
20:55:29.980 [      qiuF] [ INFO] | ** 你进入了属于 JLGC的 空岛！ 
20:55:29.995 [      qiuF] [ INFO] | ClientEventEncoder 
20:55:30.000 [      qiuF] [ INFO] | ClientEventEncoder 
20:55:30.001 [      qiuF] [ INFO] | reset pl -12025.5, 155.2, -28455.5, 182.99963, 2.3999717, false 
20:55:30.005 [      qiuF] [ INFO] | set window items 0 
20:55:30.008 [      qiuF] [ INFO] | Teleporting you to your island. 
20:55:30.010 [      qiuF] [ INFO] | 玩家 [勇者]ziyuyu_ 穿越到了东方大陆，欢迎你回来！ 
20:55:30.049 [      qiuF] [ INFO] | ClientEventEncoder 
20:55:30.097 [      qiuF] [ INFO] | ClientEventEncoder 
20:55:30.157 [      qiuF] [ INFO] | ClientEventEncoder 
20:55:30.209 [      qiuF] [ INFO] | ClientEventEncoder 
20:55:30.259 [      qiuF] [ INFO] | ClientEventEncoder 
20:55:30.309 [      qiuF] [ INFO] | ClientEventEncoder 
20:55:30.358 [      qiuF] [ INFO] | ClientEventEncoder 
20:55:30.407 [      qiuF] [ INFO] | ClientEventEncoder 
20:55:43.700 [      Main] [ INFO] | ------------------------------------------- 
20:55:43.715 [      Main] [ INFO] |    Player Name: qiuF 
20:55:43.722 [      Main] [ INFO] | Server Address: MC.52KO.COM 
20:55:43.723 [      Main] [ INFO] |    Server Port: 25565 
20:55:43.724 [      Main] [ INFO] |        Version: 316 
20:55:43.725 [      Main] [ INFO] | ------------------------------------------- 
20:55:44.718 [      qiuF] [ INFO] | litemc starting... 
20:55:47.238 [      qiuF] [ INFO] | connecting server... 
20:55:48.311 [      qiuF] [ INFO] | connect server success. 
20:55:48.383 [      qiuF] [ INFO] | handshaking... 
20:55:48.386 [      qiuF] [ INFO] | logining... 
20:55:48.760 [      qiuF] [ INFO] | set compression 128. 
20:55:48.761 [      qiuF] [ INFO] | login success! 
20:55:48.796 [      qiuF] [ INFO] | §c请使用/login登录已经注册过的帐号或者使用/reg注册！ 
20:55:48.799 [      qiuF] [ INFO] | player join game. 
20:55:49.209 [      qiuF] [ INFO] | reset pl -0.368, 72.0, 21.042, 0.0, 0.0, true 
20:55:49.217 [      qiuF] [ INFO] | set window items 0 
20:55:49.221 [      qiuF] [ INFO] | reset pl -0.368, 72.0625, 21.042, 0.0, 0.0, false 
20:55:49.227 [      qiuF] [ INFO] | §A§n§t§i§M§i§n§i§m§a§p 
20:55:49.229 [      qiuF] [ INFO] | §3 §6 §3 §6 §3 §6 §e 
20:55:49.231 [      qiuF] [ INFO] | §0§0§1§2§3§5§e§f 
20:55:49.232 [      qiuF] [ INFO] | §0§0§c§d§e§f 
20:55:50.760 [      qiuF] [ INFO] | >>>>>>>> waiting window open..... 
20:55:51.962 [      qiuF] [ INFO] |  
20:55:51.964 [      qiuF] [ INFO] |  
20:55:51.966 [      qiuF] [ INFO] |  
20:55:51.967 [      qiuF] [ INFO] |  
20:55:51.968 [      qiuF] [ INFO] |  
20:55:51.969 [      qiuF] [ INFO] |  
20:55:51.970 [      qiuF] [ INFO] |  
20:55:51.971 [      qiuF] [ INFO] |  
20:55:51.973 [      qiuF] [ INFO] |  
20:55:51.974 [      qiuF] [ INFO] |  
20:55:51.977 [      qiuF] [ INFO] |  
20:55:51.979 [      qiuF] [ INFO] |  
20:55:51.980 [      qiuF] [ INFO] |  
20:55:51.981 [      qiuF] [ INFO] |  
20:55:51.983 [      qiuF] [ INFO] |  
20:55:51.984 [      qiuF] [ INFO] |  
20:55:51.985 [      qiuF] [ INFO] |  
20:55:51.986 [      qiuF] [ INFO] |  
20:55:51.988 [      qiuF] [ INFO] | [注意]请登录帐号，输入/L 密码，如/L 123456，来登录你的帐号！ 
20:55:51.991 [      qiuF] [ INFO] | [注意]如果您从未注册，说明该ID已有人使用，请更换游戏ID 
20:55:51.992 [      qiuF] [ INFO] | [提示]如果您进入生存服任何大区直接弹回登录服，等待3~5分钟即可！ 
20:55:52.073 [      qiuF] [ INFO] | [系统提示]您已成功登录，开始属于你的冒险吧！ 
20:55:52.075 [      qiuF] [ INFO] | [东方大陆]请按T键在聊天窗口输入.help完成验证，不需要加/，直接输入即可！ 
20:55:52.114 [      qiuF] [ INFO] | [东方大陆]你已经成功通过验证！ 
20:55:52.163 [      qiuF] [ INFO] | window opened, 1, minecraft:container, 45 
20:55:52.177 [      qiuF] [ INFO] | set window items 1 
20:55:52.862 [      qiuF] [ INFO] | >>>>>>>> click window delay..... 
20:55:54.863 [      qiuF] [ INFO] | >>>>>>>> clicking window..... 
20:55:54.962 [      qiuF] [ INFO] | window closed, 1 
20:55:54.964 [      qiuF] [ INFO] | You have been warped to sky 
20:55:55.037 [      qiuF] [ INFO] | ** 你离开了属于 JLGC的 空岛！ 
20:55:55.039 [      qiuF] [ INFO] | ** 你离开了属于 JLGC的 空岛！ 
20:55:55.041 [      qiuF] [ INFO] | reset pl -248.5, 73.0, -875.5, -91.1999, -0.299999, true 
20:55:55.045 [      qiuF] [ INFO] | set window items 0 
20:55:55.051 [      qiuF] [ INFO] |                                       
20:55:55.052 [      qiuF] [ INFO] | reset pl -248.5, 73.0, -875.5, -89.0, 0.0, true 
20:55:56.752 [      qiuF] [ INFO] | reset pl -248.5, 73.0, -875.5, -89.0, 0.0, true 
20:55:56.756 [      qiuF] [ INFO] | set window items 0 
20:55:56.766 [      qiuF] [ INFO] | 玩家 [勇者]qiuF 穿越到了东方大陆，欢迎你回来！ 
20:55:56.767 [      qiuF] [ INFO] | >>>>>>>> issuing command '/is home'..... 
20:55:56.850 [      qiuF] [ INFO] | ** 你进入了属于 JLGC的 空岛！ 
20:55:56.852 [      qiuF] [ INFO] | ** 你进入了属于 JLGC的 空岛！ 
20:55:56.864 [      qiuF] [ INFO] | reset pl -12025.5, 155.2, -28455.5, 182.99963, 2.3999717, false 
20:55:56.867 [      qiuF] [ INFO] | set window items 0 
20:55:56.871 [      qiuF] [ INFO] | Teleporting you to your island. 
20:56:04.455 [      qiuF] [ INFO] | [空岛世界][勇者]tcx520: 几级 
20:56:05.658 [      qiuF] [ INFO] | [公告]服务器VIP，50每月，300永久，全服通用，特权多多，欢迎咨询腐竹，服务器QQ群：2038813 
20:56:06.443 [      qiuF] [ INFO] | [喊话][东洋古镇][勇者]MC_ChenJi: !3区【oh.s】0.8元大量出售农作物，新农场已经建成，将长期提供，欢迎各位农场主前来选购！ 
20:56:09.834 [      qiuF] [ INFO] | [空岛世界][勇者]xiao_tuzi: 300 
20:56:15.197 [      qiuF] [ INFO] | [喊话][死亡之地][『万神纪』猫咪]sakura_M: !谁有带经验修补的弓 不带力量就行 价格好商量 卖的TP我 
20:56:18.063 [      qiuF] [ INFO] | [空岛世界][勇者]gongyongqi: 666 
20:56:21.992 [      qiuF] [ INFO] | [空岛世界][勇者]tcx520: 没我回归时的等级多 
20:56:22.857 [      qiuF] [ INFO] | [喊话][战争要塞][勇者]mingyi: !大家来6区vv抽奖了 1w抽2w 中奖率高 快来吧！！！！ 
20:56:30.057 [      qiuF] [ INFO] | [喊话][死亡之地][╠TheShield╣━╃小祁]xiao_qi74110: !大家来2区领地znzj抽奖吧！！！刚刚新开每人送2张1000抽奖票！！！！！！！！！！！二分之一我已经亏3w了 
20:56:30.701 [      qiuF] [ INFO] | [公告]你知道吗？空岛有挑战/任务系统，奖励丰厚哦！ 
20:56:36.807 [      qiuF] [ INFO] | [喊话][王国城邦][富甲一方][【凌云阁】乌云ぺ领主ぺ]Aleandle: !收幽灵弓 
20:56:41.411 [      qiuF] [ INFO] | [空岛世界][勇者]tcx520: 我回归时是4个月前，是400多级 
20:56:56.235 [      qiuF] [ INFO] | [公告]空岛的乐趣在于从零开始到空岛王国的成就感，一步步走来全靠自己的强大意志 
